<?xml version="1.0" encoding="UTF-8"?>
<!-- Generated by org.testng.reporters.JUnitXMLReporter -->
<testsuite hostname="PC238680" name="Default test" tests="3" failures="0" timestamp="6 Jun 2017 07:53:30 GMT" time="0.658" errors="0">
  <testcase name="@BeforeClass browserinitialisation" time="0.0" classname="runs.LoginTest">
    <failure type="org.testng.TestNGException" message="
Parameter &amp;apos;browser&amp;apos; is required by @Configuration on method browserinitialisation but has not been marked @Optional or defined
in C:\Users\259532\AppData\Local\Temp\testng-eclipse-407916424\testng-customsuite.xml">
      <![CDATA[org.testng.TestNGException: 
Parameter 'browser' is required by @Configuration on method browserinitialisation but has not been marked @Optional or defined
in C:\Users\259532\AppData\Local\Temp\testng-eclipse-407916424\testng-customsuite.xml
	at org.testng.internal.Parameters.createParameters(Parameters.java:155)
	at org.testng.internal.Parameters.createParameters(Parameters.java:355)
	at org.testng.internal.Parameters.createConfigurationParameters(Parameters.java:86)
	at org.testng.internal.Invoker.invokeConfigurations(Invoker.java:199)
	at org.testng.internal.Invoker.invokeConfigurations(Invoker.java:138)
	at org.testng.internal.TestMethodWorker.invokeBeforeClassMethods(TestMethodWorker.java:175)
	at org.testng.internal.TestMethodWorker.run(TestMethodWorker.java:107)
	at org.testng.TestRunner.privateRun(TestRunner.java:767)
	at org.testng.TestRunner.run(TestRunner.java:617)
	at org.testng.SuiteRunner.runTest(SuiteRunner.java:334)
	at org.testng.SuiteRunner.runSequentially(SuiteRunner.java:329)
	at org.testng.SuiteRunner.privateRun(SuiteRunner.java:291)
	at org.testng.SuiteRunner.run(SuiteRunner.java:240)
	at org.testng.SuiteRunnerWorker.runSuite(SuiteRunnerWorker.java:52)
	at org.testng.SuiteRunnerWorker.run(SuiteRunnerWorker.java:86)
	at org.testng.TestNG.runSuitesSequentially(TestNG.java:1198)
	at org.testng.TestNG.runSuitesLocally(TestNG.java:1123)
	at org.testng.TestNG.run(TestNG.java:1031)
	at org.testng.remote.AbstractRemoteTestNG.run(AbstractRemoteTestNG.java:132)
	at org.testng.remote.RemoteTestNG.initAndRun(RemoteTestNG.java:230)
	at org.testng.remote.RemoteTestNG.main(RemoteTestNG.java:76)
]]>
    </failure>
  </testcase> <!-- @BeforeClass browserinitialisation -->
  <testcase name="@AfterClass browserclose" time="0.0" classname="runs.LoginTest">
    <skipped/>
  </testcase> <!-- @AfterClass browserclose -->
  <testcase name="Loginintotheapplication" time="0.005" classname="runs.LoginTest">
    <skipped/>
  </testcase> <!-- Loginintotheapplication -->
  <testcase name="Loginintotheapplication" time="0.001" classname="runs.LoginTest">
    <skipped/>
  </testcase> <!-- Loginintotheapplication -->
  <testcase name="titleverification" time="0.001" classname="runs.LoginTest">
    <skipped/>
  </testcase> <!-- titleverification -->
</testsuite> <!-- Default test -->
